This file contains any messages produced by compilers while
running configure, to aid debugging if configure makes a mistake.

It was created by shellinabox configure 2.20, which was
generated by GNU Autoconf 2.69.  Invocation command line was

  $ ./configure 

## --------- ##
## Platform. ##
## --------- ##

hostname = 9e44294a0fd0
uname -m = x86_64
uname -r = 3.10.0-1062.el7.x86_64
uname -s = Linux
uname -v = #1 SMP Wed Aug 7 18:08:02 UTC 2019

/usr/bin/uname -p = x86_64
/bin/uname -X     = unknown

/bin/arch              = x86_64
/usr/bin/arch -k       = unknown
/usr/convex/getsysinfo = unknown
/usr/bin/hostinfo      = unknown
/bin/machine           = unknown
/usr/bin/oslevel       = unknown
/bin/universe          = unknown

PATH: /usr/local/sbin
PATH: /usr/local/bin
PATH: /usr/sbin
PATH: /usr/bin
PATH: /sbin
PATH: /bin


## ----------- ##
## Core tests. ##
## ----------- ##

configure:2296: checking for a BSD-compatible install
configure:2364: result: /usr/bin/install -c
configure:2375: checking whether build environment is sane
configure:2430: result: yes
configure:2581: checking for a thread-safe mkdir -p
configure:2620: result: /usr/bin/mkdir -p
configure:2627: checking for gawk
configure:2643: found /usr/bin/gawk
configure:2654: result: gawk
configure:2665: checking whether make sets $(MAKE)
configure:2687: result: yes
configure:2716: checking whether make supports nested variables
configure:2733: result: yes
configure:2867: checking for gcc
configure:2883: found /usr/bin/gcc
configure:2894: result: gcc
configure:3123: checking for C compiler version
configure:3132: gcc --version >&5
gcc (GCC) 4.8.5 20150623 (Red Hat 4.8.5-39)
Copyright (C) 2015 Free Software Foundation, Inc.
This is free software; see the source for copying conditions.  There is NO
warranty; not even for MERCHANTABILITY or FITNESS FOR A PARTICULAR PURPOSE.

configure:3143: $? = 0
configure:3132: gcc -v >&5
Using built-in specs.
COLLECT_GCC=gcc
COLLECT_LTO_WRAPPER=/usr/libexec/gcc/x86_64-redhat-linux/4.8.5/lto-wrapper
Target: x86_64-redhat-linux
Configured with: ../configure --prefix=/usr --mandir=/usr/share/man --infodir=/usr/share/info --with-bugurl=http://bugzilla.redhat.com/bugzilla --enable-bootstrap --enable-shared --enable-threads=posix --enable-checking=release --with-system-zlib --enable-__cxa_atexit --disable-libunwind-exceptions --enable-gnu-unique-object --enable-linker-build-id --with-linker-hash-style=gnu --enable-languages=c,c++,objc,obj-c++,java,fortran,ada,go,lto --enable-plugin --enable-initfini-array --disable-libgcj --with-isl=/builddir/build/BUILD/gcc-4.8.5-20150702/obj-x86_64-redhat-linux/isl-install --with-cloog=/builddir/build/BUILD/gcc-4.8.5-20150702/obj-x86_64-redhat-linux/cloog-install --enable-gnu-indirect-function --with-tune=generic --with-arch_32=x86-64 --build=x86_64-redhat-linux
Thread model: posix
gcc version 4.8.5 20150623 (Red Hat 4.8.5-39) (GCC) 
configure:3143: $? = 0
configure:3132: gcc -V >&5
gcc: error: unrecognized command line option '-V'
gcc: fatal error: no input files
compilation terminated.
configure:3143: $? = 4
configure:3132: gcc -qversion >&5
gcc: error: unrecognized command line option '-qversion'
gcc: fatal error: no input files
compilation terminated.
configure:3143: $? = 4
configure:3163: checking whether the C compiler works
configure:3185: gcc -Os   conftest.c  >&5
configure:3189: $? = 0
configure:3237: result: yes
configure:3240: checking for C compiler default output file name
configure:3242: result: a.out
configure:3248: checking for suffix of executables
configure:3255: gcc -o conftest -Os   conftest.c  >&5
configure:3259: $? = 0
configure:3281: result: 
configure:3303: checking whether we are cross compiling
configure:3311: gcc -o conftest -Os   conftest.c  >&5
configure:3315: $? = 0
configure:3322: ./conftest
configure:3326: $? = 0
configure:3341: result: no
configure:3346: checking for suffix of object files
configure:3368: gcc -c -Os  conftest.c >&5
configure:3372: $? = 0
configure:3393: result: o
configure:3397: checking whether we are using the GNU C compiler
configure:3416: gcc -c -Os  conftest.c >&5
configure:3416: $? = 0
configure:3425: result: yes
configure:3434: checking whether gcc accepts -g
configure:3454: gcc -c -g  conftest.c >&5
configure:3454: $? = 0
configure:3495: result: yes
configure:3512: checking for gcc option to accept ISO C89
configure:3575: gcc  -c -Os  conftest.c >&5
configure:3575: $? = 0
configure:3588: result: none needed
configure:3619: checking for style of include used by make
configure:3647: result: GNU
configure:3673: checking dependency style of gcc
configure:3784: result: gcc3
configure:3800: checking whether gcc and cc understand -c and -o together
configure:3831: gcc -c conftest.c -o conftest2.o >&5
configure:3835: $? = 0
configure:3841: gcc -c conftest.c -o conftest2.o >&5
configure:3845: $? = 0
configure:3856: cc -c conftest.c >&5
configure:3860: $? = 0
configure:3868: cc -c conftest.c -o conftest2.o >&5
configure:3872: $? = 0
configure:3878: cc -c conftest.c -o conftest2.o >&5
configure:3882: $? = 0
configure:3900: result: yes
configure:3957: checking build system type
configure:3971: result: x86_64-unknown-linux-gnu
configure:3991: checking host system type
configure:4004: result: x86_64-unknown-linux-gnu
configure:4045: checking how to print strings
configure:4072: result: printf
configure:4093: checking for a sed that does not truncate output
configure:4157: result: /usr/bin/sed
configure:4175: checking for grep that handles long lines and -e
configure:4233: result: /usr/bin/grep
configure:4238: checking for egrep
configure:4300: result: /usr/bin/grep -E
configure:4305: checking for fgrep
configure:4367: result: /usr/bin/grep -F
configure:4402: checking for ld used by gcc
configure:4469: result: /usr/bin/ld
configure:4476: checking if the linker (/usr/bin/ld) is GNU ld
configure:4491: result: yes
configure:4503: checking for BSD- or MS-compatible name lister (nm)
configure:4552: result: /usr/bin/nm -B
configure:4682: checking the name lister (/usr/bin/nm -B) interface
configure:4689: gcc -c -Os  conftest.c >&5
configure:4692: /usr/bin/nm -B "conftest.o"
configure:4695: output
0000000000000000 B some_variable
configure:4702: result: BSD nm
configure:4705: checking whether ln -s works
configure:4709: result: yes
configure:4717: checking the maximum length of command line arguments
configure:4847: result: 1572864
configure:4864: checking whether the shell understands some XSI constructs
configure:4874: result: yes
configure:4878: checking whether the shell understands "+="
configure:4884: result: yes
configure:4919: checking how to convert x86_64-unknown-linux-gnu file names to x86_64-unknown-linux-gnu format
configure:4959: result: func_convert_file_noop
configure:4966: checking how to convert x86_64-unknown-linux-gnu file names to toolchain format
configure:4986: result: func_convert_file_noop
configure:4993: checking for /usr/bin/ld option to reload object files
configure:5000: result: -r
configure:5074: checking for objdump
configure:5090: found /usr/bin/objdump
configure:5101: result: objdump
configure:5133: checking how to recognize dependent libraries
configure:5335: result: pass_all
configure:5420: checking for dlltool
configure:5450: result: no
configure:5480: checking how to associate runtime and link libraries
configure:5507: result: printf %s\n
configure:5568: checking for ar
configure:5584: found /usr/bin/ar
configure:5595: result: ar
configure:5632: checking for archiver @FILE support
configure:5649: gcc -c -Os  conftest.c >&5
configure:5649: $? = 0
configure:5652: ar cru libconftest.a @conftest.lst >&5
configure:5655: $? = 0
configure:5660: ar cru libconftest.a @conftest.lst >&5
ar: conftest.o: No such file or directory
configure:5663: $? = 1
configure:5675: result: @
configure:5733: checking for strip
configure:5749: found /usr/bin/strip
configure:5760: result: strip
configure:5832: checking for ranlib
configure:5848: found /usr/bin/ranlib
configure:5859: result: ranlib
configure:5961: checking command to parse /usr/bin/nm -B output from gcc object
configure:6081: gcc -c -Os  conftest.c >&5
configure:6084: $? = 0
configure:6088: /usr/bin/nm -B conftest.o \| sed -n -e 's/^.*[ ]\([ABCDGIRSTW][ABCDGIRSTW]*\)[ ][ ]*\([_A-Za-z][_A-Za-z0-9]*\)$/\1 \2 \2/p' | sed '/ __gnu_lto/d' \> conftest.nm
configure:6091: $? = 0
configure:6157: gcc -o conftest -Os   conftest.c conftstm.o >&5
configure:6160: $? = 0
configure:6198: result: ok
configure:6235: checking for sysroot
configure:6265: result: no
configure:6342: gcc -c -Os  conftest.c >&5
configure:6345: $? = 0
configure:6521: checking for mt
configure:6551: result: no
configure:6571: checking if : is a manifest tool
configure:6577: : '-?'
configure:6585: result: no
configure:7227: checking how to run the C preprocessor
configure:7258: gcc -E  conftest.c
configure:7258: $? = 0
configure:7272: gcc -E  conftest.c
conftest.c:12:28: fatal error: ac_nonexistent.h: No such file or directory
 #include <ac_nonexistent.h>
                            ^
compilation terminated.
configure:7272: $? = 1
configure: failed program was:
| /* confdefs.h */
| #define PACKAGE_NAME "shellinabox"
| #define PACKAGE_TARNAME "shellinabox"
| #define PACKAGE_VERSION "2.20"
| #define PACKAGE_STRING "shellinabox 2.20"
| #define PACKAGE_BUGREPORT "markus@shellinabox.com"
| #define PACKAGE_URL ""
| #define VCS_REVISION " (revision 4f0ecc3)"
| #define PACKAGE "shellinabox"
| #define VERSION "2.20"
| /* end confdefs.h.  */
| #include <ac_nonexistent.h>
configure:7297: result: gcc -E
configure:7317: gcc -E  conftest.c
configure:7317: $? = 0
configure:7331: gcc -E  conftest.c
conftest.c:12:28: fatal error: ac_nonexistent.h: No such file or directory
 #include <ac_nonexistent.h>
                            ^
compilation terminated.
configure:7331: $? = 1
configure: failed program was:
| /* confdefs.h */
| #define PACKAGE_NAME "shellinabox"
| #define PACKAGE_TARNAME "shellinabox"
| #define PACKAGE_VERSION "2.20"
| #define PACKAGE_STRING "shellinabox 2.20"
| #define PACKAGE_BUGREPORT "markus@shellinabox.com"
| #define PACKAGE_URL ""
| #define VCS_REVISION " (revision 4f0ecc3)"
| #define PACKAGE "shellinabox"
| #define VERSION "2.20"
| /* end confdefs.h.  */
| #include <ac_nonexistent.h>
configure:7360: checking for ANSI C header files
configure:7380: gcc -c -Os  conftest.c >&5
configure:7380: $? = 0
configure:7453: gcc -o conftest -Os   conftest.c  >&5
configure:7453: $? = 0
configure:7453: ./conftest
configure:7453: $? = 0
configure:7464: result: yes
configure:7477: checking for sys/types.h
configure:7477: gcc -c -Os  conftest.c >&5
configure:7477: $? = 0
configure:7477: result: yes
configure:7477: checking for sys/stat.h
configure:7477: gcc -c -Os  conftest.c >&5
configure:7477: $? = 0
configure:7477: result: yes
configure:7477: checking for stdlib.h
configure:7477: gcc -c -Os  conftest.c >&5
configure:7477: $? = 0
configure:7477: result: yes
configure:7477: checking for string.h
configure:7477: gcc -c -Os  conftest.c >&5
configure:7477: $? = 0
configure:7477: result: yes
configure:7477: checking for memory.h
configure:7477: gcc -c -Os  conftest.c >&5
configure:7477: $? = 0
configure:7477: result: yes
configure:7477: checking for strings.h
configure:7477: gcc -c -Os  conftest.c >&5
configure:7477: $? = 0
configure:7477: result: yes
configure:7477: checking for inttypes.h
configure:7477: gcc -c -Os  conftest.c >&5
configure:7477: $? = 0
configure:7477: result: yes
configure:7477: checking for stdint.h
configure:7477: gcc -c -Os  conftest.c >&5
configure:7477: $? = 0
configure:7477: result: yes
configure:7477: checking for unistd.h
configure:7477: gcc -c -Os  conftest.c >&5
configure:7477: $? = 0
configure:7477: result: yes
configure:7491: checking for dlfcn.h
configure:7491: gcc -c -Os  conftest.c >&5
configure:7491: $? = 0
configure:7491: result: yes
configure:7697: checking for objdir
configure:7712: result: .libs
configure:7983: checking if gcc supports -fno-rtti -fno-exceptions
configure:8001: gcc -c -Os  -fno-rtti -fno-exceptions conftest.c >&5
cc1: warning: command line option '-fno-rtti' is valid for C++/ObjC++ but not for C [enabled by default]
configure:8005: $? = 0
configure:8018: result: no
configure:8345: checking for gcc option to produce PIC
configure:8352: result: -fPIC -DPIC
configure:8360: checking if gcc PIC flag -fPIC -DPIC works
configure:8378: gcc -c -Os  -fPIC -DPIC -DPIC conftest.c >&5
configure:8382: $? = 0
configure:8395: result: yes
configure:8424: checking if gcc static flag -static works
configure:8452: result: no
configure:8467: checking if gcc supports -c -o file.o
configure:8488: gcc -c -Os  -o out/conftest2.o conftest.c >&5
configure:8492: $? = 0
configure:8514: result: yes
configure:8522: checking if gcc supports -c -o file.o
configure:8569: result: yes
configure:8602: checking whether the gcc linker (/usr/bin/ld) supports shared libraries
configure:9755: result: yes
configure:9792: checking whether -lc should be explicitly linked in
configure:9800: gcc -c -Os  conftest.c >&5
configure:9803: $? = 0
configure:9818: gcc -shared  -fPIC -DPIC conftest.o  -v -Wl,-soname -Wl,conftest -o conftest 2\>\&1 \| /usr/bin/grep  -lc  \>/dev/null 2\>\&1
configure:9821: $? = 0
configure:9835: result: no
configure:9995: checking dynamic linker characteristics
configure:10506: gcc -o conftest -Os   -Wl,-rpath -Wl,/foo conftest.c  >&5
configure:10506: $? = 0
configure:10732: result: GNU/Linux ld.so
configure:10839: checking how to hardcode library paths into programs
configure:10864: result: immediate
configure:11404: checking whether stripping libraries is possible
configure:11409: result: yes
configure:11444: checking if libtool supports shared libraries
configure:11446: result: yes
configure:11449: checking whether to build shared libraries
configure:11470: result: yes
configure:11473: checking whether to build static libraries
configure:11477: result: yes
configure:11515: checking for an ANSI C-conforming const
configure:11581: gcc -c -Os  conftest.c >&5
configure:11581: $? = 0
configure:11588: result: yes
configure:11597: checking whether gcc needs -traditional
configure:11631: result: no
configure:11647: checking libutil.h usability
configure:11647: gcc -c -Os  conftest.c >&5
conftest.c:57:21: fatal error: libutil.h: No such file or directory
 #include <libutil.h>
                     ^
compilation terminated.
configure:11647: $? = 1
configure: failed program was:
| /* confdefs.h */
| #define PACKAGE_NAME "shellinabox"
| #define PACKAGE_TARNAME "shellinabox"
| #define PACKAGE_VERSION "2.20"
| #define PACKAGE_STRING "shellinabox 2.20"
| #define PACKAGE_BUGREPORT "markus@shellinabox.com"
| #define PACKAGE_URL ""
| #define VCS_REVISION " (revision 4f0ecc3)"
| #define PACKAGE "shellinabox"
| #define VERSION "2.20"
| #define STDC_HEADERS 1
| #define HAVE_SYS_TYPES_H 1
| #define HAVE_SYS_STAT_H 1
| #define HAVE_STDLIB_H 1
| #define HAVE_STRING_H 1
| #define HAVE_MEMORY_H 1
| #define HAVE_STRINGS_H 1
| #define HAVE_INTTYPES_H 1
| #define HAVE_STDINT_H 1
| #define HAVE_UNISTD_H 1
| #define HAVE_DLFCN_H 1
| #define LT_OBJDIR ".libs/"
| /* end confdefs.h.  */
| #include <stdio.h>
| #ifdef HAVE_SYS_TYPES_H
| # include <sys/types.h>
| #endif
| #ifdef HAVE_SYS_STAT_H
| # include <sys/stat.h>
| #endif
| #ifdef STDC_HEADERS
| # include <stdlib.h>
| # include <stddef.h>
| #else
| # ifdef HAVE_STDLIB_H
| #  include <stdlib.h>
| # endif
| #endif
| #ifdef HAVE_STRING_H
| # if !defined STDC_HEADERS && defined HAVE_MEMORY_H
| #  include <memory.h>
| # endif
| # include <string.h>
| #endif
| #ifdef HAVE_STRINGS_H
| # include <strings.h>
| #endif
| #ifdef HAVE_INTTYPES_H
| # include <inttypes.h>
| #endif
| #ifdef HAVE_STDINT_H
| # include <stdint.h>
| #endif
| #ifdef HAVE_UNISTD_H
| # include <unistd.h>
| #endif
| #include <libutil.h>
configure:11647: result: no
configure:11647: checking libutil.h presence
configure:11647: gcc -E  conftest.c
conftest.c:24:21: fatal error: libutil.h: No such file or directory
 #include <libutil.h>
                     ^
compilation terminated.
configure:11647: $? = 1
configure: failed program was:
| /* confdefs.h */
| #define PACKAGE_NAME "shellinabox"
| #define PACKAGE_TARNAME "shellinabox"
| #define PACKAGE_VERSION "2.20"
| #define PACKAGE_STRING "shellinabox 2.20"
| #define PACKAGE_BUGREPORT "markus@shellinabox.com"
| #define PACKAGE_URL ""
| #define VCS_REVISION " (revision 4f0ecc3)"
| #define PACKAGE "shellinabox"
| #define VERSION "2.20"
| #define STDC_HEADERS 1
| #define HAVE_SYS_TYPES_H 1
| #define HAVE_SYS_STAT_H 1
| #define HAVE_STDLIB_H 1
| #define HAVE_STRING_H 1
| #define HAVE_MEMORY_H 1
| #define HAVE_STRINGS_H 1
| #define HAVE_INTTYPES_H 1
| #define HAVE_STDINT_H 1
| #define HAVE_UNISTD_H 1
| #define HAVE_DLFCN_H 1
| #define LT_OBJDIR ".libs/"
| /* end confdefs.h.  */
| #include <libutil.h>
configure:11647: result: no
configure:11647: checking for libutil.h
configure:11647: result: no
configure:11647: checking pthread.h usability
configure:11647: gcc -c -Os  conftest.c >&5
configure:11647: $? = 0
configure:11647: result: yes
configure:11647: checking pthread.h presence
configure:11647: gcc -E  conftest.c
configure:11647: $? = 0
configure:11647: result: yes
configure:11647: checking for pthread.h
configure:11647: result: yes
configure:11647: checking pty.h usability
configure:11647: gcc -c -Os  conftest.c >&5
configure:11647: $? = 0
configure:11647: result: yes
configure:11647: checking pty.h presence
configure:11647: gcc -E  conftest.c
configure:11647: $? = 0
configure:11647: result: yes
configure:11647: checking for pty.h
configure:11647: result: yes
configure:11647: checking for strings.h
configure:11647: result: yes
configure:11647: checking syslog.h usability
configure:11647: gcc -c -Os  conftest.c >&5
configure:11647: $? = 0
configure:11647: result: yes
configure:11647: checking syslog.h presence
configure:11647: gcc -E  conftest.c
configure:11647: $? = 0
configure:11647: result: yes
configure:11647: checking for syslog.h
configure:11647: result: yes
configure:11647: checking sys/prctl.h usability
configure:11647: gcc -c -Os  conftest.c >&5
configure:11647: $? = 0
configure:11647: result: yes
configure:11647: checking sys/prctl.h presence
configure:11647: gcc -E  conftest.c
configure:11647: $? = 0
configure:11647: result: yes
configure:11647: checking for sys/prctl.h
configure:11647: result: yes
configure:11647: checking sys/uio.h usability
configure:11647: gcc -c -Os  conftest.c >&5
configure:11647: $? = 0
configure:11647: result: yes
configure:11647: checking sys/uio.h presence
configure:11647: gcc -E  conftest.c
configure:11647: $? = 0
configure:11647: result: yes
configure:11647: checking for sys/uio.h
configure:11647: result: yes
configure:11647: checking util.h usability
configure:11647: gcc -c -Os  conftest.c >&5
conftest.c:63:18: fatal error: util.h: No such file or directory
 #include <util.h>
                  ^
compilation terminated.
configure:11647: $? = 1
configure: failed program was:
| /* confdefs.h */
| #define PACKAGE_NAME "shellinabox"
| #define PACKAGE_TARNAME "shellinabox"
| #define PACKAGE_VERSION "2.20"
| #define PACKAGE_STRING "shellinabox 2.20"
| #define PACKAGE_BUGREPORT "markus@shellinabox.com"
| #define PACKAGE_URL ""
| #define VCS_REVISION " (revision 4f0ecc3)"
| #define PACKAGE "shellinabox"
| #define VERSION "2.20"
| #define STDC_HEADERS 1
| #define HAVE_SYS_TYPES_H 1
| #define HAVE_SYS_STAT_H 1
| #define HAVE_STDLIB_H 1
| #define HAVE_STRING_H 1
| #define HAVE_MEMORY_H 1
| #define HAVE_STRINGS_H 1
| #define HAVE_INTTYPES_H 1
| #define HAVE_STDINT_H 1
| #define HAVE_UNISTD_H 1
| #define HAVE_DLFCN_H 1
| #define LT_OBJDIR ".libs/"
| #define HAVE_PTHREAD_H 1
| #define HAVE_PTY_H 1
| #define HAVE_STRINGS_H 1
| #define HAVE_SYSLOG_H 1
| #define HAVE_SYS_PRCTL_H 1
| #define HAVE_SYS_UIO_H 1
| /* end confdefs.h.  */
| #include <stdio.h>
| #ifdef HAVE_SYS_TYPES_H
| # include <sys/types.h>
| #endif
| #ifdef HAVE_SYS_STAT_H
| # include <sys/stat.h>
| #endif
| #ifdef STDC_HEADERS
| # include <stdlib.h>
| # include <stddef.h>
| #else
| # ifdef HAVE_STDLIB_H
| #  include <stdlib.h>
| # endif
| #endif
| #ifdef HAVE_STRING_H
| # if !defined STDC_HEADERS && defined HAVE_MEMORY_H
| #  include <memory.h>
| # endif
| # include <string.h>
| #endif
| #ifdef HAVE_STRINGS_H
| # include <strings.h>
| #endif
| #ifdef HAVE_INTTYPES_H
| # include <inttypes.h>
| #endif
| #ifdef HAVE_STDINT_H
| # include <stdint.h>
| #endif
| #ifdef HAVE_UNISTD_H
| # include <unistd.h>
| #endif
| #include <util.h>
configure:11647: result: no
configure:11647: checking util.h presence
configure:11647: gcc -E  conftest.c
conftest.c:30:18: fatal error: util.h: No such file or directory
 #include <util.h>
                  ^
compilation terminated.
configure:11647: $? = 1
configure: failed program was:
| /* confdefs.h */
| #define PACKAGE_NAME "shellinabox"
| #define PACKAGE_TARNAME "shellinabox"
| #define PACKAGE_VERSION "2.20"
| #define PACKAGE_STRING "shellinabox 2.20"
| #define PACKAGE_BUGREPORT "markus@shellinabox.com"
| #define PACKAGE_URL ""
| #define VCS_REVISION " (revision 4f0ecc3)"
| #define PACKAGE "shellinabox"
| #define VERSION "2.20"
| #define STDC_HEADERS 1
| #define HAVE_SYS_TYPES_H 1
| #define HAVE_SYS_STAT_H 1
| #define HAVE_STDLIB_H 1
| #define HAVE_STRING_H 1
| #define HAVE_MEMORY_H 1
| #define HAVE_STRINGS_H 1
| #define HAVE_INTTYPES_H 1
| #define HAVE_STDINT_H 1
| #define HAVE_UNISTD_H 1
| #define HAVE_DLFCN_H 1
| #define LT_OBJDIR ".libs/"
| #define HAVE_PTHREAD_H 1
| #define HAVE_PTY_H 1
| #define HAVE_STRINGS_H 1
| #define HAVE_SYSLOG_H 1
| #define HAVE_SYS_PRCTL_H 1
| #define HAVE_SYS_UIO_H 1
| /* end confdefs.h.  */
| #include <util.h>
configure:11647: result: no
configure:11647: checking for util.h
configure:11647: result: no
configure:11660: checking for login_tty
configure:11660: gcc -o conftest -Os   conftest.c  >&5
/tmp/cctXweVj.o: In function `main':
conftest.c:(.text.startup+0x4): undefined reference to `login_tty'
collect2: error: ld returned 1 exit status
configure:11660: $? = 1
configure: failed program was:
| /* confdefs.h */
| #define PACKAGE_NAME "shellinabox"
| #define PACKAGE_TARNAME "shellinabox"
| #define PACKAGE_VERSION "2.20"
| #define PACKAGE_STRING "shellinabox 2.20"
| #define PACKAGE_BUGREPORT "markus@shellinabox.com"
| #define PACKAGE_URL ""
| #define VCS_REVISION " (revision 4f0ecc3)"
| #define PACKAGE "shellinabox"
| #define VERSION "2.20"
| #define STDC_HEADERS 1
| #define HAVE_SYS_TYPES_H 1
| #define HAVE_SYS_STAT_H 1
| #define HAVE_STDLIB_H 1
| #define HAVE_STRING_H 1
| #define HAVE_MEMORY_H 1
| #define HAVE_STRINGS_H 1
| #define HAVE_INTTYPES_H 1
| #define HAVE_STDINT_H 1
| #define HAVE_UNISTD_H 1
| #define HAVE_DLFCN_H 1
| #define LT_OBJDIR ".libs/"
| #define HAVE_PTHREAD_H 1
| #define HAVE_PTY_H 1
| #define HAVE_STRINGS_H 1
| #define HAVE_SYSLOG_H 1
| #define HAVE_SYS_PRCTL_H 1
| #define HAVE_SYS_UIO_H 1
| /* end confdefs.h.  */
| /* Define login_tty to an innocuous variant, in case <limits.h> declares login_tty.
|    For example, HP-UX 11i <limits.h> declares gettimeofday.  */
| #define login_tty innocuous_login_tty
| 
| /* System header to define __stub macros and hopefully few prototypes,
|     which can conflict with char login_tty (); below.
|     Prefer <limits.h> to <assert.h> if __STDC__ is defined, since
|     <limits.h> exists even on freestanding compilers.  */
| 
| #ifdef __STDC__
| # include <limits.h>
| #else
| # include <assert.h>
| #endif
| 
| #undef login_tty
| 
| /* Override any GCC internal prototype to avoid an error.
|    Use char because int might match the return type of a GCC
|    builtin and then its argument prototype would still apply.  */
| #ifdef __cplusplus
| extern "C"
| #endif
| char login_tty ();
| /* The GNU C library defines this for functions which it implements
|     to always fail with ENOSYS.  Some functions are actually named
|     something starting with __ and the normal name is an alias.  */
| #if defined __stub_login_tty || defined __stub___login_tty
| choke me
| #endif
| 
| int
| main ()
| {
| return login_tty ();
|   ;
|   return 0;
| }
configure:11660: result: no
configure:11667: checking for login_tty in -lutil
configure:11692: gcc -o conftest -Os   conftest.c -lutil   >&5
configure:11692: $? = 0
configure:11701: result: yes
configure:11715: checking for strlcat
configure:11715: gcc -o conftest -Os   conftest.c -lutil  >&5
/tmp/ccuP6Lqt.o: In function `main':
conftest.c:(.text.startup+0x4): undefined reference to `strlcat'
collect2: error: ld returned 1 exit status
configure:11715: $? = 1
configure: failed program was:
| /* confdefs.h */
| #define PACKAGE_NAME "shellinabox"
| #define PACKAGE_TARNAME "shellinabox"
| #define PACKAGE_VERSION "2.20"
| #define PACKAGE_STRING "shellinabox 2.20"
| #define PACKAGE_BUGREPORT "markus@shellinabox.com"
| #define PACKAGE_URL ""
| #define VCS_REVISION " (revision 4f0ecc3)"
| #define PACKAGE "shellinabox"
| #define VERSION "2.20"
| #define STDC_HEADERS 1
| #define HAVE_SYS_TYPES_H 1
| #define HAVE_SYS_STAT_H 1
| #define HAVE_STDLIB_H 1
| #define HAVE_STRING_H 1
| #define HAVE_MEMORY_H 1
| #define HAVE_STRINGS_H 1
| #define HAVE_INTTYPES_H 1
| #define HAVE_STDINT_H 1
| #define HAVE_UNISTD_H 1
| #define HAVE_DLFCN_H 1
| #define LT_OBJDIR ".libs/"
| #define HAVE_PTHREAD_H 1
| #define HAVE_PTY_H 1
| #define HAVE_STRINGS_H 1
| #define HAVE_SYSLOG_H 1
| #define HAVE_SYS_PRCTL_H 1
| #define HAVE_SYS_UIO_H 1
| #define HAVE_LOGIN_TTY 1
| /* end confdefs.h.  */
| /* Define strlcat to an innocuous variant, in case <limits.h> declares strlcat.
|    For example, HP-UX 11i <limits.h> declares gettimeofday.  */
| #define strlcat innocuous_strlcat
| 
| /* System header to define __stub macros and hopefully few prototypes,
|     which can conflict with char strlcat (); below.
|     Prefer <limits.h> to <assert.h> if __STDC__ is defined, since
|     <limits.h> exists even on freestanding compilers.  */
| 
| #ifdef __STDC__
| # include <limits.h>
| #else
| # include <assert.h>
| #endif
| 
| #undef strlcat
| 
| /* Override any GCC internal prototype to avoid an error.
|    Use char because int might match the return type of a GCC
|    builtin and then its argument prototype would still apply.  */
| #ifdef __cplusplus
| extern "C"
| #endif
| char strlcat ();
| /* The GNU C library defines this for functions which it implements
|     to always fail with ENOSYS.  Some functions are actually named
|     something starting with __ and the normal name is an alias.  */
| #if defined __stub_strlcat || defined __stub___strlcat
| choke me
| #endif
| 
| int
| main ()
| {
| return strlcat ();
|   ;
|   return 0;
| }
configure:11715: result: no
configure:11727: checking for vsyslog
configure:11727: gcc -o conftest -Os   conftest.c -lutil  >&5
configure:11727: $? = 0
configure:11727: result: yes
configure:11741: checking for getgrgid_r
configure:11741: gcc -o conftest -Os   conftest.c -lutil  >&5
configure:11741: $? = 0
configure:11741: result: yes
configure:11741: checking for getgrnam_r
configure:11741: gcc -o conftest -Os   conftest.c -lutil  >&5
configure:11741: $? = 0
configure:11741: result: yes
configure:11741: checking for gethostbyname_r
configure:11741: gcc -o conftest -Os   conftest.c -lutil  >&5
configure:11741: $? = 0
configure:11741: result: yes
configure:11741: checking for getpwnam_r
configure:11741: gcc -o conftest -Os   conftest.c -lutil  >&5
configure:11741: $? = 0
configure:11741: result: yes
configure:11741: checking for getpwuid_r
configure:11741: gcc -o conftest -Os   conftest.c -lutil  >&5
configure:11741: $? = 0
configure:11741: result: yes
configure:11741: checking for openpty
configure:11741: gcc -o conftest -Os   conftest.c -lutil  >&5
configure:11741: $? = 0
configure:11741: result: yes
configure:11741: checking for strcasestr
configure:11741: gcc -o conftest -Os   conftest.c -lutil  >&5
configure:11741: $? = 0
configure:11741: result: yes
configure:11741: checking for getresuid
configure:11741: gcc -o conftest -Os   conftest.c -lutil  >&5
configure:11741: $? = 0
configure:11741: result: yes
configure:11741: checking for getresgid
configure:11741: gcc -o conftest -Os   conftest.c -lutil  >&5
configure:11741: $? = 0
configure:11741: result: yes
configure:11741: checking for setresuid
configure:11741: gcc -o conftest -Os   conftest.c -lutil  >&5
configure:11741: $? = 0
configure:11741: result: yes
configure:11741: checking for setresgid
configure:11741: gcc -o conftest -Os   conftest.c -lutil  >&5
configure:11741: $? = 0
configure:11741: result: yes
configure:11768: gcc -o conftest -Os   conftest.c -lutil  >&5
configure:11768: $? = 0
configure:11788: gcc -o conftest -Os   conftest.c -lutil  >&5
configure:11788: $? = 0
configure:11807: gcc -o conftest -Os   conftest.c -lutil  >&5
configure:11807: $? = 0
configure:11828: gcc -o conftest -Os   conftest.c -lutil  >&5
configure:11828: $? = 0
configure:11847: gcc -o conftest -Os   conftest.c -lutil  >&5
configure:11847: $? = 0
configure:11868: gcc -o conftest -Os   conftest.c -lutil  >&5
conftest.c: In function 'main':
conftest.c:54:45: warning: initialization from incompatible pointer type [enabled by default]
 int (*f)(const char *, int, int *, int *) = getgrouplist;
                                             ^
configure:11868: $? = 0
configure: failed program was:
| /* confdefs.h */
| #define PACKAGE_NAME "shellinabox"
| #define PACKAGE_TARNAME "shellinabox"
| #define PACKAGE_VERSION "2.20"
| #define PACKAGE_STRING "shellinabox 2.20"
| #define PACKAGE_BUGREPORT "markus@shellinabox.com"
| #define PACKAGE_URL ""
| #define VCS_REVISION " (revision 4f0ecc3)"
| #define PACKAGE "shellinabox"
| #define VERSION "2.20"
| #define STDC_HEADERS 1
| #define HAVE_SYS_TYPES_H 1
| #define HAVE_SYS_STAT_H 1
| #define HAVE_STDLIB_H 1
| #define HAVE_STRING_H 1
| #define HAVE_MEMORY_H 1
| #define HAVE_STRINGS_H 1
| #define HAVE_INTTYPES_H 1
| #define HAVE_STDINT_H 1
| #define HAVE_UNISTD_H 1
| #define HAVE_DLFCN_H 1
| #define LT_OBJDIR ".libs/"
| #define HAVE_PTHREAD_H 1
| #define HAVE_PTY_H 1
| #define HAVE_STRINGS_H 1
| #define HAVE_SYSLOG_H 1
| #define HAVE_SYS_PRCTL_H 1
| #define HAVE_SYS_UIO_H 1
| #define HAVE_LOGIN_TTY 1
| #define HAVE_VSYSLOG 1
| #define HAVE_GETGRGID_R 1
| #define HAVE_GETGRNAM_R 1
| #define HAVE_GETHOSTBYNAME_R 1
| #define HAVE_GETPWNAM_R 1
| #define HAVE_GETPWUID_R 1
| #define HAVE_OPENPTY 1
| #define HAVE_STRCASESTR 1
| #define HAVE_GETRESUID 1
| #define HAVE_GETRESGID 1
| #define HAVE_SETRESUID 1
| #define HAVE_SETRESGID 1
| #define HAVE_PTSNAME_R 1
| #define HAVE_SIGWAIT 1
| #define HAVE_ISNAN 1
| #define HAVE_ATTRIBUTE_ALIAS 1
| #define HAVE_ATTRIBUTE_UNUSED 1
| /* end confdefs.h.  */
| #define _BSD_SOURCE
|              #include <grp.h>
|              #include <unistd.h>
| int
| main ()
| {
| int (*f)(const char *, int, int *, int *) = getgrouplist;
|   ;
|   return 0;
| }
configure:11915: checking utmp.h usability
configure:11915: gcc -c -Os  conftest.c >&5
configure:11915: $? = 0
configure:11915: result: yes
configure:11915: checking utmp.h presence
configure:11915: gcc -E  conftest.c
configure:11915: $? = 0
configure:11915: result: yes
configure:11915: checking for utmp.h
configure:11915: result: yes
configure:11915: checking utmpx.h usability
configure:11915: gcc -c -Os  conftest.c >&5
configure:11915: $? = 0
configure:11915: result: yes
configure:11915: checking utmpx.h presence
configure:11915: gcc -E  conftest.c
configure:11915: $? = 0
configure:11915: result: yes
configure:11915: checking for utmpx.h
configure:11915: result: yes
configure:11937: gcc -o conftest -Os   conftest.c -lutil  >&5
configure:11937: $? = 0
configure:11955: gcc -o conftest -Os   conftest.c -lutil  >&5
configure:11955: $? = 0
configure:11968: checking openssl/bio.h usability
configure:11968: gcc -c -Os  conftest.c >&5
configure:11968: $? = 0
configure:11968: result: yes
configure:11968: checking openssl/bio.h presence
configure:11968: gcc -E  conftest.c
configure:11968: $? = 0
configure:11968: result: yes
configure:11968: checking for openssl/bio.h
configure:11968: result: yes
configure:11968: checking openssl/err.h usability
configure:11968: gcc -c -Os  conftest.c >&5
configure:11968: $? = 0
configure:11968: result: yes
configure:11968: checking openssl/err.h presence
configure:11968: gcc -E  conftest.c
configure:11968: $? = 0
configure:11968: result: yes
configure:11968: checking for openssl/err.h
configure:11968: result: yes
configure:11968: checking openssl/ssl.h usability
configure:11968: gcc -c -Os  conftest.c >&5
configure:11968: $? = 0
configure:11968: result: yes
configure:11968: checking openssl/ssl.h presence
configure:11968: gcc -E  conftest.c
configure:11968: $? = 0
configure:11968: result: yes
configure:11968: checking for openssl/ssl.h
configure:11968: result: yes
configure:11985: checking security/pam_appl.h usability
configure:11985: gcc -c -Os  conftest.c >&5
configure:11985: $? = 0
configure:11985: result: yes
configure:11985: checking security/pam_appl.h presence
configure:11985: gcc -E  conftest.c
configure:11985: $? = 0
configure:11985: result: yes
configure:11985: checking for security/pam_appl.h
configure:11985: result: yes
configure:11985: checking security/pam_client.h usability
configure:11985: gcc -c -Os  conftest.c >&5
configure:11985: $? = 0
configure:11985: result: yes
configure:11985: checking security/pam_client.h presence
configure:11985: gcc -E  conftest.c
configure:11985: $? = 0
configure:11985: result: yes
configure:11985: checking for security/pam_client.h
configure:11985: result: yes
configure:11985: checking security/pam_misc.h usability
configure:11985: gcc -c -Os  conftest.c >&5
configure:11985: $? = 0
configure:11985: result: yes
configure:11985: checking security/pam_misc.h presence
configure:11985: gcc -E  conftest.c
configure:11985: $? = 0
configure:11985: result: yes
configure:11985: checking for security/pam_misc.h
configure:11985: result: yes
configure:12000: checking for dlopen
configure:12000: gcc -o conftest -Os   conftest.c -lutil  >&5
/tmp/cckNiFY1.o: In function `main':
conftest.c:(.text.startup+0x4): undefined reference to `dlopen'
collect2: error: ld returned 1 exit status
configure:12000: $? = 1
configure: failed program was:
| /* confdefs.h */
| #define PACKAGE_NAME "shellinabox"
| #define PACKAGE_TARNAME "shellinabox"
| #define PACKAGE_VERSION "2.20"
| #define PACKAGE_STRING "shellinabox 2.20"
| #define PACKAGE_BUGREPORT "markus@shellinabox.com"
| #define PACKAGE_URL ""
| #define VCS_REVISION " (revision 4f0ecc3)"
| #define PACKAGE "shellinabox"
| #define VERSION "2.20"
| #define STDC_HEADERS 1
| #define HAVE_SYS_TYPES_H 1
| #define HAVE_SYS_STAT_H 1
| #define HAVE_STDLIB_H 1
| #define HAVE_STRING_H 1
| #define HAVE_MEMORY_H 1
| #define HAVE_STRINGS_H 1
| #define HAVE_INTTYPES_H 1
| #define HAVE_STDINT_H 1
| #define HAVE_UNISTD_H 1
| #define HAVE_DLFCN_H 1
| #define LT_OBJDIR ".libs/"
| #define HAVE_PTHREAD_H 1
| #define HAVE_PTY_H 1
| #define HAVE_STRINGS_H 1
| #define HAVE_SYSLOG_H 1
| #define HAVE_SYS_PRCTL_H 1
| #define HAVE_SYS_UIO_H 1
| #define HAVE_LOGIN_TTY 1
| #define HAVE_VSYSLOG 1
| #define HAVE_GETGRGID_R 1
| #define HAVE_GETGRNAM_R 1
| #define HAVE_GETHOSTBYNAME_R 1
| #define HAVE_GETPWNAM_R 1
| #define HAVE_GETPWUID_R 1
| #define HAVE_OPENPTY 1
| #define HAVE_STRCASESTR 1
| #define HAVE_GETRESUID 1
| #define HAVE_GETRESGID 1
| #define HAVE_SETRESUID 1
| #define HAVE_SETRESGID 1
| #define HAVE_PTSNAME_R 1
| #define HAVE_SIGWAIT 1
| #define HAVE_ISNAN 1
| #define HAVE_ATTRIBUTE_ALIAS 1
| #define HAVE_ATTRIBUTE_UNUSED 1
| #define HAVE_BIN_LOGIN 1
| #define HAVE_UTMP_H 1
| #define HAVE_UTMPX_H 1
| #define HAVE_UPDWTMP 1
| #define HAVE_UPDWTMPX 1
| #define HAVE_OPENSSL_BIO_H 1
| #define HAVE_OPENSSL_ERR_H 1
| #define HAVE_OPENSSL_SSL_H 1
| #define HAVE_SECURITY_PAM_APPL_H 1
| #define HAVE_SECURITY_PAM_CLIENT_H 1
| #define HAVE_SECURITY_PAM_MISC_H 1
| /* end confdefs.h.  */
| /* Define dlopen to an innocuous variant, in case <limits.h> declares dlopen.
|    For example, HP-UX 11i <limits.h> declares gettimeofday.  */
| #define dlopen innocuous_dlopen
| 
| /* System header to define __stub macros and hopefully few prototypes,
|     which can conflict with char dlopen (); below.
|     Prefer <limits.h> to <assert.h> if __STDC__ is defined, since
|     <limits.h> exists even on freestanding compilers.  */
| 
| #ifdef __STDC__
| # include <limits.h>
| #else
| # include <assert.h>
| #endif
| 
| #undef dlopen
| 
| /* Override any GCC internal prototype to avoid an error.
|    Use char because int might match the return type of a GCC
|    builtin and then its argument prototype would still apply.  */
| #ifdef __cplusplus
| extern "C"
| #endif
| char dlopen ();
| /* The GNU C library defines this for functions which it implements
|     to always fail with ENOSYS.  Some functions are actually named
|     something starting with __ and the normal name is an alias.  */
| #if defined __stub_dlopen || defined __stub___dlopen
| choke me
| #endif
| 
| int
| main ()
| {
| return dlopen ();
|   ;
|   return 0;
| }
configure:12000: result: no
configure:12007: checking for dlopen in -ldl
configure:12032: gcc -o conftest -Os   conftest.c -ldl  -lutil  >&5
configure:12032: $? = 0
configure:12041: result: yes
configure:12092: checking for deflate in -lz
configure:12117: gcc -o conftest -Os   conftest.c -lz  -ldl -lutil  >&5
configure:12117: $? = 0
configure:12126: result: yes
configure:12130: checking zlib.h usability
configure:12130: gcc -c -Os  conftest.c >&5
configure:12130: $? = 0
configure:12130: result: yes
configure:12130: checking zlib.h presence
configure:12130: gcc -E  conftest.c
configure:12130: $? = 0
configure:12130: result: yes
configure:12130: checking for zlib.h
configure:12130: result: yes
configure:12253: checking that generated files are newer than configure
configure:12259: result: done
configure:12282: creating ./config.status

## ---------------------- ##
## Running config.status. ##
## ---------------------- ##

This file was extended by shellinabox config.status 2.20, which was
generated by GNU Autoconf 2.69.  Invocation command line was

  CONFIG_FILES    = 
  CONFIG_HEADERS  = 
  CONFIG_LINKS    = 
  CONFIG_COMMANDS = 
  $ ./config.status 

on 9e44294a0fd0

config.status:1121: creating Makefile
config.status:1121: creating config.h
config.status:1302: config.h is unchanged
config.status:1350: executing depfiles commands
config.status:1350: executing libtool commands

## ---------------- ##
## Cache variables. ##
## ---------------- ##

ac_cv_build=x86_64-unknown-linux-gnu
ac_cv_c_compiler_gnu=yes
ac_cv_c_const=yes
ac_cv_env_CC_set=
ac_cv_env_CC_value=
ac_cv_env_CFLAGS_set=
ac_cv_env_CFLAGS_value=
ac_cv_env_CPPFLAGS_set=
ac_cv_env_CPPFLAGS_value=
ac_cv_env_CPP_set=
ac_cv_env_CPP_value=
ac_cv_env_LDFLAGS_set=
ac_cv_env_LDFLAGS_value=
ac_cv_env_LIBS_set=
ac_cv_env_LIBS_value=
ac_cv_env_build_alias_set=
ac_cv_env_build_alias_value=
ac_cv_env_host_alias_set=
ac_cv_env_host_alias_value=
ac_cv_env_target_alias_set=
ac_cv_env_target_alias_value=
ac_cv_func_dlopen=no
ac_cv_func_getgrgid_r=yes
ac_cv_func_getgrnam_r=yes
ac_cv_func_gethostbyname_r=yes
ac_cv_func_getpwnam_r=yes
ac_cv_func_getpwuid_r=yes
ac_cv_func_getresgid=yes
ac_cv_func_getresuid=yes
ac_cv_func_login_tty=no
ac_cv_func_openpty=yes
ac_cv_func_setresgid=yes
ac_cv_func_setresuid=yes
ac_cv_func_strcasestr=yes
ac_cv_func_strlcat=no
ac_cv_func_vsyslog=yes
ac_cv_header_dlfcn_h=yes
ac_cv_header_inttypes_h=yes
ac_cv_header_libutil_h=no
ac_cv_header_memory_h=yes
ac_cv_header_openssl_bio_h=yes
ac_cv_header_openssl_err_h=yes
ac_cv_header_openssl_ssl_h=yes
ac_cv_header_pthread_h=yes
ac_cv_header_pty_h=yes
ac_cv_header_security_pam_appl_h=yes
ac_cv_header_security_pam_client_h=yes
ac_cv_header_security_pam_misc_h=yes
ac_cv_header_stdc=yes
ac_cv_header_stdint_h=yes
ac_cv_header_stdlib_h=yes
ac_cv_header_string_h=yes
ac_cv_header_strings_h=yes
ac_cv_header_sys_prctl_h=yes
ac_cv_header_sys_stat_h=yes
ac_cv_header_sys_types_h=yes
ac_cv_header_sys_uio_h=yes
ac_cv_header_syslog_h=yes
ac_cv_header_unistd_h=yes
ac_cv_header_util_h=no
ac_cv_header_utmp_h=yes
ac_cv_header_utmpx_h=yes
ac_cv_header_zlib_h=yes
ac_cv_host=x86_64-unknown-linux-gnu
ac_cv_lib_dl_dlopen=yes
ac_cv_lib_util_login_tty=yes
ac_cv_lib_z_deflate=yes
ac_cv_objext=o
ac_cv_path_EGREP='/usr/bin/grep -E'
ac_cv_path_FGREP='/usr/bin/grep -F'
ac_cv_path_GREP=/usr/bin/grep
ac_cv_path_SED=/usr/bin/sed
ac_cv_path_install='/usr/bin/install -c'
ac_cv_path_mkdir=/usr/bin/mkdir
ac_cv_prog_AWK=gawk
ac_cv_prog_CPP='gcc -E'
ac_cv_prog_ac_ct_AR=ar
ac_cv_prog_ac_ct_CC=gcc
ac_cv_prog_ac_ct_OBJDUMP=objdump
ac_cv_prog_ac_ct_RANLIB=ranlib
ac_cv_prog_ac_ct_STRIP=strip
ac_cv_prog_cc_c89=
ac_cv_prog_cc_g=yes
ac_cv_prog_cc_gcc_c_o=yes
ac_cv_prog_gcc_traditional=no
ac_cv_prog_make_make_set=yes
am_cv_CC_dependencies_compiler_type=gcc3
am_cv_make_support_nested_variables=yes
lt_cv_ar_at_file=@
lt_cv_archive_cmds_need_lc=no
lt_cv_deplibs_check_method=pass_all
lt_cv_file_magic_cmd='$MAGIC_CMD'
lt_cv_file_magic_test_file=
lt_cv_ld_reload_flag=-r
lt_cv_nm_interface='BSD nm'
lt_cv_objdir=.libs
lt_cv_path_LD=/usr/bin/ld
lt_cv_path_NM='/usr/bin/nm -B'
lt_cv_path_mainfest_tool=no
lt_cv_prog_compiler_c_o=yes
lt_cv_prog_compiler_pic='-fPIC -DPIC'
lt_cv_prog_compiler_pic_works=yes
lt_cv_prog_compiler_rtti_exceptions=no
lt_cv_prog_compiler_static_works=no
lt_cv_prog_gnu_ld=yes
lt_cv_sharedlib_from_linklib_cmd='printf %s\n'
lt_cv_shlibpath_overrides_runpath=no
lt_cv_sys_global_symbol_pipe='sed -n -e '\''s/^.*[	 ]\([ABCDGIRSTW][ABCDGIRSTW]*\)[	 ][	 ]*\([_A-Za-z][_A-Za-z0-9]*\)$/\1 \2 \2/p'\'' | sed '\''/ __gnu_lto/d'\'''
lt_cv_sys_global_symbol_to_c_name_address='sed -n -e '\''s/^: \([^ ]*\)[ ]*$/  {\"\1\", (void *) 0},/p'\'' -e '\''s/^[ABCDGIRSTW]* \([^ ]*\) \([^ ]*\)$/  {"\2", (void *) \&\2},/p'\'''
lt_cv_sys_global_symbol_to_c_name_address_lib_prefix='sed -n -e '\''s/^: \([^ ]*\)[ ]*$/  {\"\1\", (void *) 0},/p'\'' -e '\''s/^[ABCDGIRSTW]* \([^ ]*\) \(lib[^ ]*\)$/  {"\2", (void *) \&\2},/p'\'' -e '\''s/^[ABCDGIRSTW]* \([^ ]*\) \([^ ]*\)$/  {"lib\2", (void *) \&\2},/p'\'''
lt_cv_sys_global_symbol_to_cdecl='sed -n -e '\''s/^T .* \(.*\)$/extern int \1();/p'\'' -e '\''s/^[ABCDGIRSTW]* .* \(.*\)$/extern char \1;/p'\'''
lt_cv_sys_max_cmd_len=1572864
lt_cv_to_host_file_cmd=func_convert_file_noop
lt_cv_to_tool_file_cmd=func_convert_file_noop

## ----------------- ##
## Output variables. ##
## ----------------- ##

ACLOCAL='${SHELL} /shellinabox/missing aclocal-1.13'
AMDEPBACKSLASH='\'
AMDEP_FALSE='#'
AMDEP_TRUE=''
AMTAR='$${TAR-tar}'
AM_BACKSLASH='\'
AM_DEFAULT_V='$(AM_DEFAULT_VERBOSITY)'
AM_DEFAULT_VERBOSITY='1'
AM_V='$(V)'
AR='ar'
AR_FLAGS='cr'
AUTOCONF='${SHELL} /shellinabox/missing autoconf'
AUTOHEADER='${SHELL} /shellinabox/missing autoheader'
AUTOMAKE='${SHELL} /shellinabox/missing automake-1.13'
AWK='gawk'
CC='gcc'
CCDEPMODE='depmode=gcc3'
CFLAGS='-Os'
CPP='gcc -E'
CPPFLAGS=''
CYGPATH_W='echo'
DEFS='-DHAVE_CONFIG_H'
DEPDIR='.deps'
DLLTOOL='false'
DSYMUTIL=''
DUMPBIN=''
ECHO_C=''
ECHO_N='-n'
ECHO_T=''
EGREP='/usr/bin/grep -E'
EXEEXT=''
FGREP='/usr/bin/grep -F'
GREP='/usr/bin/grep'
INSTALL_DATA='${INSTALL} -m 644'
INSTALL_PROGRAM='${INSTALL}'
INSTALL_SCRIPT='${INSTALL}'
INSTALL_STRIP_PROGRAM='$(install_sh) -c -s'
LD='/usr/bin/ld'
LDFLAGS=''
LIBOBJS=''
LIBS='-lz -ldl -lutil '
LIBTOOL='$(SHELL) $(top_builddir)/libtool'
LIBTOOL_DEPS='./ltmain.sh'
LIPO=''
LN_S='ln -s'
LTLIBOBJS=''
MAKEINFO='${SHELL} /shellinabox/missing makeinfo'
MANIFEST_TOOL=':'
MKDIR_P='/usr/bin/mkdir -p'
NM='/usr/bin/nm -B'
NMEDIT=''
OBJDUMP='objdump'
OBJEXT='o'
OTOOL64=''
OTOOL=''
PACKAGE='shellinabox'
PACKAGE_BUGREPORT='markus@shellinabox.com'
PACKAGE_NAME='shellinabox'
PACKAGE_STRING='shellinabox 2.20'
PACKAGE_TARNAME='shellinabox'
PACKAGE_URL=''
PACKAGE_VERSION='2.20'
PATH_SEPARATOR=':'
RANLIB='ranlib'
SED='/usr/bin/sed'
SET_MAKE=''
SHELL='/bin/sh'
STRIP='strip'
VCS_REVISION=' (revision 4f0ecc3)'
VERSION='2.20'
ac_ct_AR='ar'
ac_ct_CC='gcc'
ac_ct_DUMPBIN=''
am__EXEEXT_FALSE=''
am__EXEEXT_TRUE='#'
am__fastdepCC_FALSE='#'
am__fastdepCC_TRUE=''
am__include='include'
am__isrc=''
am__leading_dot='.'
am__nodep='_no'
am__quote=''
am__tar='$${TAR-tar} chof - "$$tardir"'
am__untar='$${TAR-tar} xf -'
bindir='${exec_prefix}/bin'
build='x86_64-unknown-linux-gnu'
build_alias=''
build_cpu='x86_64'
build_os='linux-gnu'
build_vendor='unknown'
datadir='${datarootdir}'
datarootdir='${prefix}/share'
docdir='${datarootdir}/doc/${PACKAGE_TARNAME}'
dvidir='${docdir}'
exec_prefix='${prefix}'
host='x86_64-unknown-linux-gnu'
host_alias=''
host_cpu='x86_64'
host_os='linux-gnu'
host_vendor='unknown'
htmldir='${docdir}'
includedir='${prefix}/include'
infodir='${datarootdir}/info'
install_sh='${SHELL} /shellinabox/install-sh'
libdir='${exec_prefix}/lib'
libexecdir='${exec_prefix}/libexec'
localedir='${datarootdir}/locale'
localstatedir='${prefix}/var'
mandir='${datarootdir}/man'
mkdir_p='$(MKDIR_P)'
oldincludedir='/usr/include'
pdfdir='${docdir}'
prefix='/usr/local'
program_transform_name='s,x,x,'
psdir='${docdir}'
sbindir='${exec_prefix}/sbin'
sharedstatedir='${prefix}/com'
sysconfdir='${prefix}/etc'
target_alias=''

## ----------- ##
## confdefs.h. ##
## ----------- ##

/* confdefs.h */
#define PACKAGE_NAME "shellinabox"
#define PACKAGE_TARNAME "shellinabox"
#define PACKAGE_VERSION "2.20"
#define PACKAGE_STRING "shellinabox 2.20"
#define PACKAGE_BUGREPORT "markus@shellinabox.com"
#define PACKAGE_URL ""
#define VCS_REVISION " (revision 4f0ecc3)"
#define PACKAGE "shellinabox"
#define VERSION "2.20"
#define STDC_HEADERS 1
#define HAVE_SYS_TYPES_H 1
#define HAVE_SYS_STAT_H 1
#define HAVE_STDLIB_H 1
#define HAVE_STRING_H 1
#define HAVE_MEMORY_H 1
#define HAVE_STRINGS_H 1
#define HAVE_INTTYPES_H 1
#define HAVE_STDINT_H 1
#define HAVE_UNISTD_H 1
#define HAVE_DLFCN_H 1
#define LT_OBJDIR ".libs/"
#define HAVE_PTHREAD_H 1
#define HAVE_PTY_H 1
#define HAVE_STRINGS_H 1
#define HAVE_SYSLOG_H 1
#define HAVE_SYS_PRCTL_H 1
#define HAVE_SYS_UIO_H 1
#define HAVE_LOGIN_TTY 1
#define HAVE_VSYSLOG 1
#define HAVE_GETGRGID_R 1
#define HAVE_GETGRNAM_R 1
#define HAVE_GETHOSTBYNAME_R 1
#define HAVE_GETPWNAM_R 1
#define HAVE_GETPWUID_R 1
#define HAVE_OPENPTY 1
#define HAVE_STRCASESTR 1
#define HAVE_GETRESUID 1
#define HAVE_GETRESGID 1
#define HAVE_SETRESUID 1
#define HAVE_SETRESGID 1
#define HAVE_PTSNAME_R 1
#define HAVE_SIGWAIT 1
#define HAVE_ISNAN 1
#define HAVE_ATTRIBUTE_ALIAS 1
#define HAVE_ATTRIBUTE_UNUSED 1
#define HAVE_BIN_LOGIN 1
#define HAVE_UTMP_H 1
#define HAVE_UTMPX_H 1
#define HAVE_UPDWTMP 1
#define HAVE_UPDWTMPX 1
#define HAVE_OPENSSL_BIO_H 1
#define HAVE_OPENSSL_ERR_H 1
#define HAVE_OPENSSL_SSL_H 1
#define HAVE_SECURITY_PAM_APPL_H 1
#define HAVE_SECURITY_PAM_CLIENT_H 1
#define HAVE_SECURITY_PAM_MISC_H 1
#define HAVE_DLOPEN 1
#define HAVE_ZLIB 1

configure: exit 0
